<?xml version="1.0" encoding="UTF-8"?>
<testsuite name="Cargue de archivo" tests="1" skipped="0" failures="0" errors="0" timestamp="2022-01-05T22:36:50" hostname="22LAP5CG0525FBR" time="9.884">
  <properties/>
  <testcase name="se debe poder cargar un archivo" classname="Cargue de archivo" time="9.884"/>
  <system-out><![CDATA[17:36:51.140 [Test worker] INFO net.serenitybdd.core.webdriver.driverproviders.ProvideNewDriver - Instantiating driver
17:36:51.140 [Test worker] INFO net.serenitybdd.core.webdriver.driverproviders.ProvideNewDriver - Driver capabilities: Capabilities {acceptInsecureCerts: false, acceptSslCerts: true, browserName: chrome, goog:chromeOptions: {args: [], extensions: []}, incognito: true, loggingPrefs: org.openqa.selenium.logging..., platform: ANY, version: }
17:36:57.102 [Test worker] DEBUG net.serenitybdd.core.photography.Darkroom - Opening darkroom
17:36:57.102 [Darkroom Processing Line] DEBUG net.serenitybdd.core.photography.DarkroomProcessingLine - Darkroom processing line starting up
17:36:57.319 [Test worker] DEBUG net.serenitybdd.core.photography.Darkroom - Send negative for processing for C:\File_Upload\target\site\serenity\f8f0c57b131e17032118166807bacf892833ce7a4aeb701143fae8523c723b14.png
17:36:58.585 [Test worker] DEBUG net.serenitybdd.core.photography.Darkroom - Send negative for processing for C:\File_Upload\target\site\serenity\f8f0c57b131e17032118166807bacf892833ce7a4aeb701143fae8523c723b14.png
17:37:00.171 [Test worker] INFO net.thucydides.core.steps.ConsoleLoggingListener - ?[92m
        __    _____ _____ ____ _____   ____   _    ____  ____  _____ ____  
  _     \ \  |_   _| ____/ ___|_   _| |  _ \ / \  / ___|/ ___|| ____|  _ \ 
 (_)_____| |   | | |  _| \___ \ | |   | |_) / _ \ \___ \\___ \|  _| | | | |
  _|_____| |   | | | |___ ___) || |   |  __/ ___ \ ___) |___) | |___| |_| |
 (_)     | |   |_| |_____|____/ |_|   |_| /_/   \_\____/|____/|_____|____/ 
        /_/                                                                

TEST PASSED: se debe poder cargar un archivo
----------------------------------------------------------------------------?[0m
]]></system-out>
  <system-err><![CDATA[ene 05, 2022 5:36:50 PM org.openqa.selenium.remote.DesiredCapabilities chrome
INFORMACIÓN: Using `new ChromeOptions()` is preferred to `DesiredCapabilities.chrome()`
Starting ChromeDriver 96.0.4664.45 (76e4c1bb2ab4671b8beba3444e61c0f17584b2fc-refs/branch-heads/4664@{#947}) on port 8865
Only local connections are allowed.
Please see https://chromedriver.chromium.org/security-considerations for suggestions on keeping ChromeDriver safe.
ChromeDriver was started successfully.
ene 05, 2022 5:36:55 PM org.openqa.selenium.remote.ProtocolHandshake createSession
INFORMACIÓN: Detected dialect: W3C
]]></system-err>
</testsuite>
